[0.010s] Invoking command in '/home/vietdh/ros2_workspace/build/kf_package': CMAKE_PREFIX_PATH=${CMAKE_PREFIX_PATH}:/opt/ros/foxy /usr/bin/cmake /home/vietdh/ros2_workspace/src/asignment_2_ros -DCMAKE_INSTALL_PREFIX=/home/vietdh/ros2_workspace/install/kf_package
[0.045s] -- The C compiler identification is GNU 9.4.0
[0.080s] -- The CXX compiler identification is GNU 9.4.0
[0.083s] -- Check for working C compiler: /usr/bin/cc
[0.126s] -- Check for working C compiler: /usr/bin/cc -- works
[0.127s] -- Detecting C compiler ABI info
[0.171s] -- Detecting C compiler ABI info - done
[0.180s] -- Detecting C compile features
[0.180s] -- Detecting C compile features - done
[0.182s] -- Check for working CXX compiler: /usr/bin/c++
[0.232s] -- Check for working CXX compiler: /usr/bin/c++ -- works
[0.232s] -- Detecting CXX compiler ABI info
[0.285s] -- Detecting CXX compiler ABI info - done
[0.294s] -- Detecting CXX compile features
[0.295s] -- Detecting CXX compile features - done
[0.296s] -- Found ament_cmake: 0.9.11 (/opt/ros/foxy/share/ament_cmake/cmake)
[0.312s] -- Found PythonInterp: /usr/bin/python3 (found suitable version "3.8.10", minimum required is "3") 
[0.312s] -- Using PYTHON_EXECUTABLE: /usr/bin/python3
[0.455s] -- Found geometry_msgs: 2.0.5 (/opt/ros/foxy/share/geometry_msgs/cmake)
[0.474s] -- Using all available rosidl_typesupport_c: rosidl_typesupport_fastrtps_c;rosidl_typesupport_introspection_c
[0.478s] -- Found rosidl_adapter: 1.3.0 (/opt/ros/foxy/share/rosidl_adapter/cmake)
[0.520s] -- Found OpenSSL: /usr/lib/x86_64-linux-gnu/libcrypto.so (found version "1.1.1f")  
[0.538s] -- Found FastRTPS: /opt/ros/foxy/include  
[0.588s] -- Using all available rosidl_typesupport_cpp: rosidl_typesupport_fastrtps_cpp;rosidl_typesupport_introspection_cpp
[0.649s] -- Found rclcpp: 2.4.2 (/opt/ros/foxy/share/rclcpp/cmake)
[0.678s] -- Found rmw_implementation_cmake: 1.0.3 (/opt/ros/foxy/share/rmw_implementation_cmake/cmake)
[0.679s] -- Using RMW implementation 'rmw_fastrtps_cpp' as default
[0.679s] -- Looking for pthread.h
[0.724s] -- Looking for pthread.h - found
[0.724s] -- Performing Test CMAKE_HAVE_LIBC_PTHREAD
[0.771s] -- Performing Test CMAKE_HAVE_LIBC_PTHREAD - Failed
[0.772s] -- Looking for pthread_create in pthreads
[0.814s] -- Looking for pthread_create in pthreads - not found
[0.814s] -- Looking for pthread_create in pthread
[0.869s] -- Looking for pthread_create in pthread - found
[0.870s] -- Found Threads: TRUE  
[0.977s] -- Found ament_lint_auto: 0.9.7 (/opt/ros/foxy/share/ament_lint_auto/cmake)
[1.024s] -- Added test 'copyright' to check source files copyright and LICENSE
[1.026s] -- Added test 'cppcheck' to perform static code analysis on C / C++ code
[1.026s] -- Configured cppcheck include dirs: /home/vietdh/ros2_workspace/src/asignment_2_ros/src/KalmanFilterKernel-driver/src;/home/vietdh/ros2_workspace/src/asignment_2_ros/src/BRAM-uio-driver/src;$<BUILD_INTERFACE:/home/vietdh/ros2_workspace/src/asignment_2_ros/include>
[1.026s] -- Configured cppcheck exclude dirs and/or files: 
[1.029s] -- Added test 'cpplint' to check C / C++ code against the Google style
[1.029s] -- Configured cpplint exclude dirs and/or files: 
[1.030s] -- Added test 'lint_cmake' to check CMake code style
[1.033s] -- Added test 'uncrustify' to check C / C++ code style
[1.033s] -- Configured uncrustify additional arguments: 
[1.033s] -- Added test 'xmllint' to check XML markup files
[1.035s] -- Configuring done
[1.036s] CMake Error at CMakeLists.txt:20 (add_executable):
[1.036s]   Cannot find source file:
[1.036s] 
[1.036s]     src/BRAM-uio-driver/src/bram_uio.cpp
[1.036s] 
[1.036s]   Tried extensions .c .C .c++ .cc .cpp .cxx .cu .m .M .mm .h .hh .h++ .hm
[1.036s]   .hpp .hxx .in .txx
[1.036s] 
[1.036s] 
[1.036s] CMake Error at CMakeLists.txt:20 (add_executable):
[1.036s]   No SOURCES given to target: kf_node
[1.036s] 
[1.037s] 
[1.037s] CMake Generate step failed.  Build files cannot be regenerated correctly.
[1.041s] Invoked command in '/home/vietdh/ros2_workspace/build/kf_package' returned '1': CMAKE_PREFIX_PATH=${CMAKE_PREFIX_PATH}:/opt/ros/foxy /usr/bin/cmake /home/vietdh/ros2_workspace/src/asignment_2_ros -DCMAKE_INSTALL_PREFIX=/home/vietdh/ros2_workspace/install/kf_package
