In file included from [01m[K/home/vietdh/ros2_workspace/src/asignment_2_ros/src/kf_node.cpp:1[m[K:
[01m[K/home/vietdh/ros2_workspace/src/asignment_2_ros/src/kf_node.h:12:[m[K [01;35m[Kwarning: [m[K"__linux__" redefined
   12 | #define __linux__
      | 
[01m[K<built-in>:[m[K [01;36m[Knote: [m[Kthis is the location of the previous definition
In file included from [01m[K/home/vietdh/ros2_workspace/src/asignment_2_ros/src/kf_node.cpp:1[m[K:
[01m[K/home/vietdh/ros2_workspace/src/asignment_2_ros/src/kf_node.h:13:[m[K [01;35m[Kwarning: [m[K"__cplusplus" redefined
   13 | #define __cplusplus
      | 
[01m[K<built-in>:[m[K [01;36m[Knote: [m[Kthis is the location of the previous definition
In file included from [01m[K/home/vietdh/ros2_workspace/src/asignment_2_ros/src/kf_node.cpp:1[m[K:
[01m[K/home/vietdh/ros2_workspace/src/asignment_2_ros/src/kf_node.h:60:15:[m[K [01;31m[Kerror: [m[Kexpected identifier before numeric constant
   60 |   BRAM writer([01;31m[K0[m[K, 1024); //check UIO number
      |               [01;31m[K^[m[K
[01m[K/home/vietdh/ros2_workspace/src/asignment_2_ros/src/kf_node.h:60:15:[m[K [01;31m[Kerror: [m[Kexpected ‘[01m[K,[m[K’ or ‘[01m[K...[m[K’ before numeric constant
[01m[K/home/vietdh/ros2_workspace/src/asignment_2_ros/src/kf_node.h:61:15:[m[K [01;31m[Kerror: [m[Kexpected identifier before numeric constant
   61 |   BRAM reader([01;31m[K1[m[K, 1024);
      |               [01;31m[K^[m[K
[01m[K/home/vietdh/ros2_workspace/src/asignment_2_ros/src/kf_node.h:61:15:[m[K [01;31m[Kerror: [m[Kexpected ‘[01m[K,[m[K’ or ‘[01m[K...[m[K’ before numeric constant
[01m[K/home/vietdh/ros2_workspace/src/asignment_2_ros/src/kf_node.cpp:[m[K In constructor ‘[01m[KKFNode::KFNode(const string&, const string&)[m[K’:
[01m[K/home/vietdh/ros2_workspace/src/asignment_2_ros/src/kf_node.cpp:13:7:[m[K [01;35m[Kwarning: [m[Kunused variable ‘[01m[Kresult[m[K’ [[01;35m[K-Wunused-variable[m[K]
   13 |   int [01;35m[Kresult[m[K = XKalmanfilterkernel_Initialize(&kf_kernel,"KalmanFilterKernel_0");
      |       [01;35m[K^~~~~~[m[K
[01m[K/home/vietdh/ros2_workspace/src/asignment_2_ros/src/kf_node.cpp:[m[K In member function ‘[01m[Kvoid KFNode::pos_meas_callback(std_msgs::msg::Float32MultiArray_<std::allocator<void> >::SharedPtr)[m[K’:
[01m[K/home/vietdh/ros2_workspace/src/asignment_2_ros/src/kf_node.cpp:56:38:[m[K [01;31m[Kerror: [m[Kexpected identifier before ‘[01m[K([m[K’ token
   56 |   if(pos_meas_queue.empty() == 0) && [01;31m[K([m[Kcontrol_input_queue.empty() == 0)
      |                                      [01;31m[K^[m[K
[01m[K/home/vietdh/ros2_workspace/src/asignment_2_ros/src/kf_node.cpp:56:38:[m[K [01;35m[Kwarning: [m[Ktaking the address of a label is non-standard [[01;35m[K-Wpedantic[m[K]
[01m[K/home/vietdh/ros2_workspace/src/asignment_2_ros/src/kf_node.cpp:[m[K In member function ‘[01m[Kvoid KFNode::control_input_callback(std_msgs::msg::Float32MultiArray_<std::allocator<void> >::SharedPtr)[m[K’:
[01m[K/home/vietdh/ros2_workspace/src/asignment_2_ros/src/kf_node.cpp:89:38:[m[K [01;31m[Kerror: [m[Kexpected identifier before ‘[01m[K([m[K’ token
   89 |   if(pos_meas_queue.empty() == 0) && [01;31m[K([m[Kcontrol_input_queue.empty() == 0)
      |                                      [01;31m[K^[m[K
[01m[K/home/vietdh/ros2_workspace/src/asignment_2_ros/src/kf_node.cpp:89:38:[m[K [01;35m[Kwarning: [m[Ktaking the address of a label is non-standard [[01;35m[K-Wpedantic[m[K]
make[2]: *** [CMakeFiles/kf_node.dir/build.make:63: CMakeFiles/kf_node.dir/src/kf_node.cpp.o] Error 1
make[1]: *** [CMakeFiles/Makefile2:78: CMakeFiles/kf_node.dir/all] Error 2
make: *** [Makefile:141: all] Error 2
