[0.012s] Invoking command in '/home/vietdh/ros2_workspace/build/kf_package': CMAKE_PREFIX_PATH=${CMAKE_PREFIX_PATH}:/opt/ros/foxy /usr/bin/cmake --build /home/vietdh/ros2_workspace/build/kf_package -- -j12 -l12
[0.039s] [35m[1mScanning dependencies of target kf_node[0m
[0.056s] [ 20%] [32mBuilding CXX object CMakeFiles/kf_node.dir/src/kf_node.cpp.o[0m
[1.054s] [01m[K/home/vietdh/ros2_workspace/src/asignment_2_ros/src/kf_node.cpp:[m[K In constructor ‘[01m[KKFNode::KFNode(const string&, const string&)[m[K’:
[1.054s] [01m[K/home/vietdh/ros2_workspace/src/asignment_2_ros/src/kf_node.cpp:13:7:[m[K [01;35m[Kwarning: [m[Kunused variable ‘[01m[Kresult[m[K’ [[01;35m[K-Wunused-variable[m[K]
[1.054s]    13 |   int [01;35m[Kresult[m[K = XKalmanfilterkernel_Initialize(&kf_kernel,"KalmanFilterKernel_0");
[1.054s]       |       [01;35m[K^~~~~~[m[K
[1.056s] [01m[K/home/vietdh/ros2_workspace/src/asignment_2_ros/src/kf_node.cpp:[m[K In member function ‘[01m[Kvoid KFNode::pos_meas_callback(std_msgs::msg::Float32MultiArray_<std::allocator<void> >::SharedPtr)[m[K’:
[1.057s] [01m[K/home/vietdh/ros2_workspace/src/asignment_2_ros/src/kf_node.cpp:59:27:[m[K [01;31m[Kerror: [m[Kinvalid use of member function ‘[01m[KBRAM KFNode::writer()[m[K’ (did you forget the ‘[01m[K()[m[K’ ?)
[1.057s]    59 |    uint32_t *bram0_addr = [01;31m[Kwriter[m[K.GetPointer();
[1.057s]       |                           [01;31m[K^~~~~~[m[K
[1.057s]       |                                 [32m[K()[m[K
[1.057s] [01m[K/home/vietdh/ros2_workspace/src/asignment_2_ros/src/kf_node.cpp:60:27:[m[K [01;31m[Kerror: [m[Kinvalid use of member function ‘[01m[KBRAM KFNode::reader()[m[K’ (did you forget the ‘[01m[K()[m[K’ ?)
[1.057s]    60 |    uint32_t *bram1_addr = [01;31m[Kreader[m[K.GetPointer();
[1.057s]       |                           [01;31m[K^~~~~~[m[K
[1.057s]       |                                 [32m[K()[m[K
[1.057s] [01m[K/home/vietdh/ros2_workspace/src/asignment_2_ros/src/kf_node.cpp:[m[K In member function ‘[01m[Kvoid KFNode::control_input_callback(std_msgs::msg::Float32MultiArray_<std::allocator<void> >::SharedPtr)[m[K’:
[1.057s] [01m[K/home/vietdh/ros2_workspace/src/asignment_2_ros/src/kf_node.cpp:92:27:[m[K [01;31m[Kerror: [m[Kinvalid use of member function ‘[01m[KBRAM KFNode::writer()[m[K’ (did you forget the ‘[01m[K()[m[K’ ?)
[1.058s]    92 |    uint32_t *bram0_addr = [01;31m[Kwriter[m[K.GetPointer();
[1.058s]       |                           [01;31m[K^~~~~~[m[K
[1.058s]       |                                 [32m[K()[m[K
[1.058s] [01m[K/home/vietdh/ros2_workspace/src/asignment_2_ros/src/kf_node.cpp:93:27:[m[K [01;31m[Kerror: [m[Kinvalid use of member function ‘[01m[KBRAM KFNode::reader()[m[K’ (did you forget the ‘[01m[K()[m[K’ ?)
[1.058s]    93 |    uint32_t *bram1_addr = [01;31m[Kreader[m[K.GetPointer();
[1.058s]       |                           [01;31m[K^~~~~~[m[K
[1.058s]       |                                 [32m[K()[m[K
[2.129s] make[2]: *** [CMakeFiles/kf_node.dir/build.make:63: CMakeFiles/kf_node.dir/src/kf_node.cpp.o] Error 1
[2.130s] make[1]: *** [CMakeFiles/Makefile2:78: CMakeFiles/kf_node.dir/all] Error 2
[2.130s] make: *** [Makefile:141: all] Error 2
[2.132s] Invoked command in '/home/vietdh/ros2_workspace/build/kf_package' returned '2': CMAKE_PREFIX_PATH=${CMAKE_PREFIX_PATH}:/opt/ros/foxy /usr/bin/cmake --build /home/vietdh/ros2_workspace/build/kf_package -- -j12 -l12
