[0.012s] Invoking command in '/home/vietdh/ros2_workspace/build/kf_package': CMAKE_PREFIX_PATH=${CMAKE_PREFIX_PATH}:/opt/ros/foxy /usr/bin/cmake --build /home/vietdh/ros2_workspace/build/kf_package -- -j12 -l12
[0.039s] [35m[1mScanning dependencies of target kf_node[0m
[0.055s] [ 20%] [32mBuilding CXX object CMakeFiles/kf_node.dir/src/kf_node.cpp.o[0m
[3.699s] [ 40%] [32m[1mLinking CXX executable kf_node[0m
[3.845s] [100%] Built target kf_node
[3.862s] Invoked command in '/home/vietdh/ros2_workspace/build/kf_package' returned '0': CMAKE_PREFIX_PATH=${CMAKE_PREFIX_PATH}:/opt/ros/foxy /usr/bin/cmake --build /home/vietdh/ros2_workspace/build/kf_package -- -j12 -l12
[3.947s] Invoking command in '/home/vietdh/ros2_workspace/build/kf_package': CMAKE_PREFIX_PATH=${CMAKE_PREFIX_PATH}:/opt/ros/foxy /usr/bin/cmake --install /home/vietdh/ros2_workspace/build/kf_package
[3.965s] -- Install configuration: ""
[3.965s] -- Installing: /home/vietdh/ros2_workspace/install/kf_package/lib/kf_package/kf_node
[3.970s] -- Set runtime path of "/home/vietdh/ros2_workspace/install/kf_package/lib/kf_package/kf_node" to ""
[3.970s] -- Up-to-date: /home/vietdh/ros2_workspace/install/kf_package/share/ament_index/resource_index/package_run_dependencies/kf_package
[3.971s] -- Up-to-date: /home/vietdh/ros2_workspace/install/kf_package/share/ament_index/resource_index/parent_prefix_path/kf_package
[3.971s] -- Up-to-date: /home/vietdh/ros2_workspace/install/kf_package/share/kf_package/environment/ament_prefix_path.sh
[3.971s] -- Up-to-date: /home/vietdh/ros2_workspace/install/kf_package/share/kf_package/environment/ament_prefix_path.dsv
[3.971s] -- Up-to-date: /home/vietdh/ros2_workspace/install/kf_package/share/kf_package/environment/path.sh
[3.972s] -- Up-to-date: /home/vietdh/ros2_workspace/install/kf_package/share/kf_package/environment/path.dsv
[3.972s] -- Up-to-date: /home/vietdh/ros2_workspace/install/kf_package/share/kf_package/local_setup.bash
[3.972s] -- Up-to-date: /home/vietdh/ros2_workspace/install/kf_package/share/kf_package/local_setup.sh
[3.972s] -- Up-to-date: /home/vietdh/ros2_workspace/install/kf_package/share/kf_package/local_setup.zsh
[3.972s] -- Up-to-date: /home/vietdh/ros2_workspace/install/kf_package/share/kf_package/local_setup.dsv
[3.973s] -- Installing: /home/vietdh/ros2_workspace/install/kf_package/share/kf_package/package.dsv
[3.973s] -- Up-to-date: /home/vietdh/ros2_workspace/install/kf_package/share/ament_index/resource_index/packages/kf_package
[3.973s] -- Up-to-date: /home/vietdh/ros2_workspace/install/kf_package/share/kf_package/cmake/kf_packageConfig.cmake
[3.973s] -- Up-to-date: /home/vietdh/ros2_workspace/install/kf_package/share/kf_package/cmake/kf_packageConfig-version.cmake
[3.973s] -- Up-to-date: /home/vietdh/ros2_workspace/install/kf_package/share/kf_package/package.xml
[3.977s] Invoked command in '/home/vietdh/ros2_workspace/build/kf_package' returned '0': CMAKE_PREFIX_PATH=${CMAKE_PREFIX_PATH}:/opt/ros/foxy /usr/bin/cmake --install /home/vietdh/ros2_workspace/build/kf_package
