-- Found ament_cmake: 0.9.11 (/opt/ros/foxy/share/ament_cmake/cmake)
-- Using PYTHON_EXECUTABLE: /usr/bin/python3
-- Found geometry_msgs: 2.0.5 (/opt/ros/foxy/share/geometry_msgs/cmake)
-- Using all available rosidl_typesupport_c: rosidl_typesupport_fastrtps_c;rosidl_typesupport_introspection_c
-- Found rosidl_adapter: 1.3.0 (/opt/ros/foxy/share/rosidl_adapter/cmake)
-- Using all available rosidl_typesupport_cpp: rosidl_typesupport_fastrtps_cpp;rosidl_typesupport_introspection_cpp
-- Found rclcpp: 2.4.2 (/opt/ros/foxy/share/rclcpp/cmake)
-- Found rmw_implementation_cmake: 1.0.3 (/opt/ros/foxy/share/rmw_implementation_cmake/cmake)
-- Using RMW implementation 'rmw_fastrtps_cpp' as default
-- Found ament_lint_auto: 0.9.7 (/opt/ros/foxy/share/ament_lint_auto/cmake)
-- Added test 'copyright' to check source files copyright and LICENSE
-- Added test 'cppcheck' to perform static code analysis on C / C++ code
-- Configured cppcheck include dirs: /home/vietdh/ros2_workspace/src/asignment_2_ros/src/KalmanFilterKernel-driver/src;/home/vietdh/ros2_workspace/src/asignment_2_ros/src/BRAM-uio-driver/src;$<BUILD_INTERFACE:/home/vietdh/ros2_workspace/src/asignment_2_ros/include>
-- Configured cppcheck exclude dirs and/or files: 
-- Added test 'cpplint' to check C / C++ code against the Google style
-- Configured cpplint exclude dirs and/or files: 
-- Added test 'lint_cmake' to check CMake code style
-- Added test 'uncrustify' to check C / C++ code style
-- Configured uncrustify additional arguments: 
-- Added test 'xmllint' to check XML markup files
-- Configuring done
-- Generating done
-- Build files have been written to: /home/vietdh/ros2_workspace/build/kf_package
[35m[1mScanning dependencies of target kf_node[0m
[ 80%] [32mBuilding C object CMakeFiles/kf_node.dir/src/KalmanFilterKernel-driver/src/xkalmanfilterkernel_linux.c.o[0m
[ 80%] [32mBuilding C object CMakeFiles/kf_node.dir/src/KalmanFilterKernel-driver/src/xkalmanfilterkernel.c.o[0m
[ 80%] [32mBuilding CXX object CMakeFiles/kf_node.dir/src/BRAM-uio-driver/src/bram_uio.cpp.o[0m
[ 80%] [32mBuilding CXX object CMakeFiles/kf_node.dir/src/kf_node.cpp.o[0m
[01m[K/home/vietdh/ros2_workspace/src/asignment_2_ros/src/KalmanFilterKernel-driver/src/xkalmanfilterkernel_linux.c:[m[K In function ‘[01m[Kuio_info_read_map_addr[m[K’:
[01m[K/home/vietdh/ros2_workspace/src/asignment_2_ros/src/KalmanFilterKernel-driver/src/xkalmanfilterkernel_linux.c:68:26:[m[K [01;35m[Kwarning: [m[Kformat ‘[01m[K%x[m[K’ expects argument of type ‘[01m[Kunsigned int *[m[K’, but argument 3 has type ‘[01m[Ku64 *[m[K’ {aka ‘[01m[Klong unsigned int *[m[K’} [[01;35m[K-Wformat=[m[K]
   68 |     ret = fscanf(fp, "0x[01;35m[K%x[m[K", [32m[K&info->maps[n].addr[m[K);
      |                         [01;35m[K~^[m[K   [32m[K~~~~~~~~~~~~~~~~~~~[m[K
      |                          [01;35m[K|[m[K   [32m[K|[m[K
      |                          [01;35m[K|[m[K   [32m[Ku64 * {aka long unsigned int *}[m[K
      |                          [01;35m[Kunsigned int *[m[K
      |                         [32m[K%lx[m[K
[100%] [32m[1mLinking CXX executable kf_node[0m
[100%] Built target kf_node
-- Install configuration: ""
-- Installing: /home/vietdh/ros2_workspace/install/kf_package/lib/kf_package/kf_node
-- Set runtime path of "/home/vietdh/ros2_workspace/install/kf_package/lib/kf_package/kf_node" to ""
-- Installing: /home/vietdh/ros2_workspace/install/kf_package/share/ament_index/resource_index/package_run_dependencies/kf_package
-- Installing: /home/vietdh/ros2_workspace/install/kf_package/share/ament_index/resource_index/parent_prefix_path/kf_package
-- Installing: /home/vietdh/ros2_workspace/install/kf_package/share/kf_package/environment/ament_prefix_path.sh
-- Installing: /home/vietdh/ros2_workspace/install/kf_package/share/kf_package/environment/ament_prefix_path.dsv
-- Installing: /home/vietdh/ros2_workspace/install/kf_package/share/kf_package/environment/path.sh
-- Installing: /home/vietdh/ros2_workspace/install/kf_package/share/kf_package/environment/path.dsv
-- Installing: /home/vietdh/ros2_workspace/install/kf_package/share/kf_package/local_setup.bash
-- Installing: /home/vietdh/ros2_workspace/install/kf_package/share/kf_package/local_setup.sh
-- Installing: /home/vietdh/ros2_workspace/install/kf_package/share/kf_package/local_setup.zsh
-- Installing: /home/vietdh/ros2_workspace/install/kf_package/share/kf_package/local_setup.dsv
-- Installing: /home/vietdh/ros2_workspace/install/kf_package/share/kf_package/package.dsv
-- Installing: /home/vietdh/ros2_workspace/install/kf_package/share/ament_index/resource_index/packages/kf_package
-- Installing: /home/vietdh/ros2_workspace/install/kf_package/share/kf_package/cmake/kf_packageConfig.cmake
-- Installing: /home/vietdh/ros2_workspace/install/kf_package/share/kf_package/cmake/kf_packageConfig-version.cmake
-- Installing: /home/vietdh/ros2_workspace/install/kf_package/share/kf_package/package.xml
