[0.014s] Invoking command in '/home/vietdh/ros2_workspace/build/kf_package': CMAKE_PREFIX_PATH=/opt/ros/foxy /usr/bin/cmake --build /home/vietdh/ros2_workspace/build/kf_package -- -j12 -l12
[0.115s] [35m[1mScanning dependencies of target kf_node[0m
[0.135s] [ 20%] [32mBuilding CXX object CMakeFiles/kf_node.dir/src/kf_node.cpp.o[0m
[1.446s] [01m[K/home/vietdh/ros2_workspace/src/asignment_2_ros/src/kf_node.cpp:[m[K In constructor ‘[01m[KKFNode::KFNode(const string&, const string&)[m[K’:
[1.447s] [01m[K/home/vietdh/ros2_workspace/src/asignment_2_ros/src/kf_node.cpp:3:123:[m[K [01;31m[Kerror: [m[Kno matching function for call to ‘[01m[KBRAM::BRAM()[m[K’
[1.447s]     3 | ng & node_namespace) : rclcpp::Node(node_name, node_namespace[01;31m[K)[m[K {
[1.447s]       |                                                              [01;31m[K^[m[K
[1.447s] 
[1.447s] In file included from [01m[K/home/vietdh/ros2_workspace/src/asignment_2_ros/src/kf_node.h:9[m[K,
[1.447s]                  from [01m[K/home/vietdh/ros2_workspace/src/asignment_2_ros/src/kf_node.cpp:1[m[K:
[1.447s] [01m[K/home/vietdh/ros2_workspace/src/asignment_2_ros/src/BRAM-uio-driver/src/bram_uio.h:30:5:[m[K [01;36m[Knote: [m[Kcandidate: ‘[01m[KBRAM::BRAM(unsigned int, unsigned int)[m[K’
[1.447s]    30 |     [01;36m[KBRAM[m[K(unsigned int uio_number, unsigned int size) ;
[1.447s]       |     [01;36m[K^~~~[m[K
[1.447s] [01m[K/home/vietdh/ros2_workspace/src/asignment_2_ros/src/BRAM-uio-driver/src/bram_uio.h:30:5:[m[K [01;36m[Knote: [m[K  candidate expects 2 arguments, 0 provided
[1.447s] [01m[K/home/vietdh/ros2_workspace/src/asignment_2_ros/src/BRAM-uio-driver/src/bram_uio.h:27:7:[m[K [01;36m[Knote: [m[Kcandidate: ‘[01m[Kconstexpr BRAM::BRAM(const BRAM&)[m[K’
[1.447s]    27 | class [01;36m[KBRAM[m[K {
[1.447s]       |       [01;36m[K^~~~[m[K
[1.447s] [01m[K/home/vietdh/ros2_workspace/src/asignment_2_ros/src/BRAM-uio-driver/src/bram_uio.h:27:7:[m[K [01;36m[Knote: [m[K  candidate expects 1 argument, 0 provided
[1.447s] [01m[K/home/vietdh/ros2_workspace/src/asignment_2_ros/src/BRAM-uio-driver/src/bram_uio.h:27:7:[m[K [01;36m[Knote: [m[Kcandidate: ‘[01m[Kconstexpr BRAM::BRAM(BRAM&&)[m[K’
[1.447s] [01m[K/home/vietdh/ros2_workspace/src/asignment_2_ros/src/BRAM-uio-driver/src/bram_uio.h:27:7:[m[K [01;36m[Knote: [m[K  candidate expects 1 argument, 0 provided
[1.447s] [01m[K/home/vietdh/ros2_workspace/src/asignment_2_ros/src/kf_node.cpp:3:123:[m[K [01;31m[Kerror: [m[Kno matching function for call to ‘[01m[KBRAM::BRAM()[m[K’
[1.447s]     3 | ng & node_namespace) : rclcpp::Node(node_name, node_namespace[01;31m[K)[m[K {
[1.447s]       |                                                              [01;31m[K^[m[K
[1.447s] 
[1.447s] In file included from [01m[K/home/vietdh/ros2_workspace/src/asignment_2_ros/src/kf_node.h:9[m[K,
[1.447s]                  from [01m[K/home/vietdh/ros2_workspace/src/asignment_2_ros/src/kf_node.cpp:1[m[K:
[1.447s] [01m[K/home/vietdh/ros2_workspace/src/asignment_2_ros/src/BRAM-uio-driver/src/bram_uio.h:30:5:[m[K [01;36m[Knote: [m[Kcandidate: ‘[01m[KBRAM::BRAM(unsigned int, unsigned int)[m[K’
[1.448s]    30 |     [01;36m[KBRAM[m[K(unsigned int uio_number, unsigned int size) ;
[1.448s]       |     [01;36m[K^~~~[m[K
[1.448s] [01m[K/home/vietdh/ros2_workspace/src/asignment_2_ros/src/BRAM-uio-driver/src/bram_uio.h:30:5:[m[K [01;36m[Knote: [m[K  candidate expects 2 arguments, 0 provided
[1.448s] [01m[K/home/vietdh/ros2_workspace/src/asignment_2_ros/src/BRAM-uio-driver/src/bram_uio.h:27:7:[m[K [01;36m[Knote: [m[Kcandidate: ‘[01m[Kconstexpr BRAM::BRAM(const BRAM&)[m[K’
[1.448s]    27 | class [01;36m[KBRAM[m[K {
[1.448s]       |       [01;36m[K^~~~[m[K
[1.448s] [01m[K/home/vietdh/ros2_workspace/src/asignment_2_ros/src/BRAM-uio-driver/src/bram_uio.h:27:7:[m[K [01;36m[Knote: [m[K  candidate expects 1 argument, 0 provided
[1.448s] [01m[K/home/vietdh/ros2_workspace/src/asignment_2_ros/src/BRAM-uio-driver/src/bram_uio.h:27:7:[m[K [01;36m[Knote: [m[Kcandidate: ‘[01m[Kconstexpr BRAM::BRAM(BRAM&&)[m[K’
[1.448s] [01m[K/home/vietdh/ros2_workspace/src/asignment_2_ros/src/BRAM-uio-driver/src/bram_uio.h:27:7:[m[K [01;36m[Knote: [m[K  candidate expects 1 argument, 0 provided
[1.454s] [01m[K/home/vietdh/ros2_workspace/src/asignment_2_ros/src/kf_node.cpp:13:7:[m[K [01;35m[Kwarning: [m[Kunused variable ‘[01m[Kresult[m[K’ [[01;35m[K-Wunused-variable[m[K]
[1.454s]    13 |   int [01;35m[Kresult[m[K = XKalmanfilterkernel_Initialize(&kf_kernel,"KalmanFilterKernel_0");
[1.454s]       |       [01;35m[K^~~~~~[m[K
[2.568s] make[2]: *** [CMakeFiles/kf_node.dir/build.make:63: CMakeFiles/kf_node.dir/src/kf_node.cpp.o] Error 1
[2.569s] make[1]: *** [CMakeFiles/Makefile2:78: CMakeFiles/kf_node.dir/all] Error 2
[2.569s] make: *** [Makefile:141: all] Error 2
[2.570s] Invoked command in '/home/vietdh/ros2_workspace/build/kf_package' returned '2': CMAKE_PREFIX_PATH=/opt/ros/foxy /usr/bin/cmake --build /home/vietdh/ros2_workspace/build/kf_package -- -j12 -l12
