[35m[1mScanning dependencies of target kf_node[0m
[ 20%] [32mBuilding CXX object CMakeFiles/kf_node.dir/src/kf_node.cpp.o[0m
[ 40%] [32m[1mLinking CXX executable kf_node[0m
[100%] Built target kf_node
-- Install configuration: ""
-- Installing: /home/vietdh/ros2_workspace/install/kf_package/lib/kf_package/kf_node
-- Set runtime path of "/home/vietdh/ros2_workspace/install/kf_package/lib/kf_package/kf_node" to ""
-- Up-to-date: /home/vietdh/ros2_workspace/install/kf_package/share/ament_index/resource_index/package_run_dependencies/kf_package
-- Up-to-date: /home/vietdh/ros2_workspace/install/kf_package/share/ament_index/resource_index/parent_prefix_path/kf_package
-- Up-to-date: /home/vietdh/ros2_workspace/install/kf_package/share/kf_package/environment/ament_prefix_path.sh
-- Up-to-date: /home/vietdh/ros2_workspace/install/kf_package/share/kf_package/environment/ament_prefix_path.dsv
-- Up-to-date: /home/vietdh/ros2_workspace/install/kf_package/share/kf_package/environment/path.sh
-- Up-to-date: /home/vietdh/ros2_workspace/install/kf_package/share/kf_package/environment/path.dsv
-- Up-to-date: /home/vietdh/ros2_workspace/install/kf_package/share/kf_package/local_setup.bash
-- Up-to-date: /home/vietdh/ros2_workspace/install/kf_package/share/kf_package/local_setup.sh
-- Up-to-date: /home/vietdh/ros2_workspace/install/kf_package/share/kf_package/local_setup.zsh
-- Up-to-date: /home/vietdh/ros2_workspace/install/kf_package/share/kf_package/local_setup.dsv
-- Installing: /home/vietdh/ros2_workspace/install/kf_package/share/kf_package/package.dsv
-- Up-to-date: /home/vietdh/ros2_workspace/install/kf_package/share/ament_index/resource_index/packages/kf_package
-- Up-to-date: /home/vietdh/ros2_workspace/install/kf_package/share/kf_package/cmake/kf_packageConfig.cmake
-- Up-to-date: /home/vietdh/ros2_workspace/install/kf_package/share/kf_package/cmake/kf_packageConfig-version.cmake
-- Up-to-date: /home/vietdh/ros2_workspace/install/kf_package/share/kf_package/package.xml
